[debug] [2026-02-08T03:40:13.861Z] ----------------------------------------------------------------------
[debug] [2026-02-08T03:40:13.869Z] Command:       /usr/local/Cellar/node/25.1.0_1/bin/node /usr/local/bin/firebase deploy --only hosting --debug
[debug] [2026-02-08T03:40:13.869Z] CLI Version:   15.5.1
[debug] [2026-02-08T03:40:13.870Z] Platform:      darwin
[debug] [2026-02-08T03:40:13.870Z] Node Version:  v25.1.0
[debug] [2026-02-08T03:40:13.870Z] Time:          Sat Feb 07 2026 21:40:13 GMT-0600 (Central Standard Time)
[debug] [2026-02-08T03:40:13.870Z] ----------------------------------------------------------------------
[debug] 
[debug] [2026-02-08T03:40:15.400Z] > command requires scopes: ["email","openid","https://www.googleapis.com/auth/cloudplatformprojects.readonly","https://www.googleapis.com/auth/firebase","https://www.googleapis.com/auth/cloud-platform"]
[debug] [2026-02-08T03:40:15.401Z] > authorizing via signed-in user (openspotsapp@gmail.com)
[debug] [2026-02-08T03:40:15.401Z] [iam] checking project open-spots-yt903b for permissions ["firebase.projects.get","firebasehosting.sites.update"]
[debug] [2026-02-08T03:40:15.402Z] Checked if tokens are valid: true, expires at: 1770524814182
[debug] [2026-02-08T03:40:15.402Z] Checked if tokens are valid: true, expires at: 1770524814182
[debug] [2026-02-08T03:40:15.404Z] >>> [apiv2][query] POST https://cloudresourcemanager.googleapis.com/v1/projects/open-spots-yt903b:testIamPermissions [none]
[debug] [2026-02-08T03:40:15.404Z] >>> [apiv2][(partial)header] POST https://cloudresourcemanager.googleapis.com/v1/projects/open-spots-yt903b:testIamPermissions  x-goog-user-project=open-spots-yt903b
[debug] [2026-02-08T03:40:15.404Z] >>> [apiv2][body] POST https://cloudresourcemanager.googleapis.com/v1/projects/open-spots-yt903b:testIamPermissions {"permissions":["firebase.projects.get","firebasehosting.sites.update"]}
[debug] [2026-02-08T03:40:15.731Z] <<< [apiv2][status] POST https://cloudresourcemanager.googleapis.com/v1/projects/open-spots-yt903b:testIamPermissions 200
[debug] [2026-02-08T03:40:15.731Z] <<< [apiv2][body] POST https://cloudresourcemanager.googleapis.com/v1/projects/open-spots-yt903b:testIamPermissions {"permissions":["firebase.projects.get","firebasehosting.sites.update"]}
[debug] [2026-02-08T03:40:15.732Z] Checked if tokens are valid: true, expires at: 1770524814182
[debug] [2026-02-08T03:40:15.732Z] Checked if tokens are valid: true, expires at: 1770524814182
[debug] [2026-02-08T03:40:15.733Z] >>> [apiv2][query] GET https://firebase.googleapis.com/v1beta1/projects/open-spots-yt903b [none]
[debug] [2026-02-08T03:40:16.110Z] <<< [apiv2][status] GET https://firebase.googleapis.com/v1beta1/projects/open-spots-yt903b 200
[debug] [2026-02-08T03:40:16.110Z] <<< [apiv2][body] GET https://firebase.googleapis.com/v1beta1/projects/open-spots-yt903b {"projectId":"open-spots-yt903b","projectNumber":"298540480317","displayName":"OpenSpots","name":"projects/open-spots-yt903b","resources":{"hostingSite":"open-spots-yt903b"},"state":"ACTIVE","etag":"1_c55d7184-0e1f-4687-9f23-44837a4f011c"}
[info] 
[info] === Deploying to 'open-spots-yt903b'...
[info] 
[info] i  deploying hosting 
[debug] [2026-02-08T03:40:16.117Z] Checked if tokens are valid: true, expires at: 1770524814182
[debug] [2026-02-08T03:40:16.117Z] Checked if tokens are valid: true, expires at: 1770524814182
[debug] [2026-02-08T03:40:16.117Z] >>> [apiv2][query] POST https://firebasehosting.googleapis.com/v1beta1/projects/-/sites/open-spots-yt903b/versions [none]
[debug] [2026-02-08T03:40:16.118Z] >>> [apiv2][body] POST https://firebasehosting.googleapis.com/v1beta1/projects/-/sites/open-spots-yt903b/versions {"status":"CREATED","labels":{"deployment-tool":"cli-firebase"}}
[debug] [2026-02-08T03:40:17.299Z] <<< [apiv2][status] POST https://firebasehosting.googleapis.com/v1beta1/projects/-/sites/open-spots-yt903b/versions 200
[debug] [2026-02-08T03:40:17.299Z] <<< [apiv2][body] POST https://firebasehosting.googleapis.com/v1beta1/projects/-/sites/open-spots-yt903b/versions {"name":"projects/298540480317/sites/open-spots-yt903b/versions/28efa7ffd0082aa4","status":"CREATED","config":{},"labels":{"deployment-tool":"cli-firebase"}}
[info] i  hosting[open-spots-yt903b]: beginning deploy... 
[info] i  hosting[open-spots-yt903b]: found 131 files in public 
[debug] [2026-02-08T03:40:17.323Z] [hosting] uploading with 200 concurrency
[debug] [2026-02-08T03:40:17.331Z] Checked if tokens are valid: true, expires at: 1770524814182
[debug] [2026-02-08T03:40:17.331Z] Checked if tokens are valid: true, expires at: 1770524814182
[debug] [2026-02-08T03:40:17.332Z] [hosting] hash cache [cHVibGlj] stored for 131 files
[debug] [2026-02-08T03:40:17.332Z] [hosting][hash queue][FINAL] {"max":1,"min":0,"avg":0.3337503909730715,"active":0,"complete":131,"success":131,"errored":0,"retried":0,"total":131,"elapsed":7}
[debug] [2026-02-08T03:40:17.332Z] >>> [apiv2][query] POST https://firebasehosting.googleapis.com/v1beta1/projects/298540480317/sites/open-spots-yt903b/versions/28efa7ffd0082aa4:populateFiles [none]
[debug] [2026-02-08T03:40:17.332Z] >>> [apiv2][body] POST https://firebasehosting.googleapis.com/v1beta1/projects/298540480317/sites/open-spots-yt903b/versions/28efa7ffd0082aa4:populateFiles {"files":{"/verify-email.js":"740f0c36d575ec509a30e4d977ac8b03d1c02a568e5d717b637a431ffee21210","/verify-email.html":"3dbaf867a04fc117c14b50d7e5f4b2c546d4f179755305908f0298ab6c852f0a","/venues.js":"67375ed0b6a54c7f49988ae090aa4bf0a888047ecc9842fa109bbedfec7e1627","/venues.html":"a978d2f508e8608db6c323f52918a79dec92f52ee9e43d0f63899322e095f3c5","/venue-details.js":"1bbec3748d0ceb239ed393bd7d7503a660b006a64ef51591338dd5993598b716","/venue-details.html":"262c61d810d804295cb41246cc61501e97c264086d4c4afc236585fe846308b6","/terms.html":"16dac2c7b9777d4e239953a2dc87cdbcfa74037a31fe6ecc61ad195b409cf476","/terms details.html":"d0c369173406039fb02a307fcac60b9afbdea03ff899ce4470757d7c5d55ab83","/support-signed.html":"54a670b3830e53cd935635dd30f68e5514a1bad92d4ef12f69630f01ec447031","/style.css":"9cb252b334cffa7e9b3be9fea69ad0de93e2bfa61d126f0cc5dfdf13c0b14111","/spot-entry.js":"61b060a89b319b8c8b0dcbd863aa29bd9ed73cd8d9adea177cfd58a87ca48b5d","/spot-entry.html":"7d93a7ae2eaae77ceacbf08737b327450b9ee28fbd92f6cf04ad2df8de1265a3","/spot-entry.css":"2f218490c1b15996cd176b02b87a3fae3c969cc21bd94c938ae8390b61869d8c","/socials.html":"5b4d33ee14a6786f503a71723dfc7735d725c0e2356bc117c1be3903688183d0","/signup.html":"7f90190d11e2285666efdc88d6bbcac8ad5a83a336e3a1f80d631541034e6637","/signed-terms.html":"bc3814fae76d42ae47344c6aeda507472fd04033c8edad93c5f1dfb1ef18ec92","/settings.js":"38981f3fa09eb4af24794a854dbd5bc9d8a45bdc1baa29a922de6f65d674439d","/settings.html":"1a752bcf28b7eda6f9aee93b99e9a05c26b898252377c670b1e3ea75cdfcf780","/reserve-a-spot.html":"e9aa1e4986315740ff78644b08b2cfb99e4144975b96d012a8b89ba9fd3e8eef","/reserve-a-shell.html":"8f22a45c3b6fb002ae562c24312ca6663e38eb01b33c08709c503d430ef0c4b2","/reserve-a-daikin.html":"152043090acd666221396719e0cce36b6c81887862032b00edc53f42feec127e","/reserve-a-airport.html":"6646ea518b819533b3d17f8eb5d6f73ec7becfc4f42b6ab4d4c079824d957c6c","/privacy.html":"9281c61e4a6275efed8245bc4814402d672bbb497661758eb952eca1af27ddc9","/privacy details.html":"4f44212588491f663484d0d1f209271cbdf4ff1a3623685cc63ebee2edc3aee2","/payment-success.html":"499798ef09eb73f6241806269a9e977c4c988296a9fe4f1438017a110f1fcd43","/payment-success.css":"eb3cba6675c438bd1cc301c39166b60f988831544cb4e37ef1fbf0e5f534ed02","/payment-options.js":"6b2e8292e24610061d0ebf2c1b2f640aad9f2768c7572bda68a2a8b1ec1f5266","/payment-options.html":"b0478ab571d5703a74063b245d531ee2b8f06f3027c083de6ab93d8eba8c8cc3","/partner.html":"dccb532383602be1d2bc772208a357724a2504c9e395cf22020fda41f1b693a3","/notifications.js":"b1a62dcf1e3b1b84415c8a49fe633319c9d0dfd64a7064b89ba030ed5ee6b146","/notifications.html":"1741aab88493a7bd1747b62ba7260ebc78559d157b6083618245ff015aa7dfbc","/nearby.html":"ddca2005e171d0737759abdd06b74e5d8846c5e14034b940f07fdef8429dcfaa","/nearby-free.html":"4ee25db35e3b41e10772d26c78afdb5ae66dfc09c47f21f1dcd378973dd36a72","/navbar.html":"8edfbd8f346c4877a8e2cbc93c424a893377532cd08babb284f9a8ea32805131","/myspots.css":"24b4874956b04b4407c0281219928dd46f473060027629e41d598b31ccbda8c9","/my-spots.js":"698daf01c11bd68499b99e73358ab9ce1cabecb9437a3798654060c84f967c9d","/my-spots.html":"63cb0b591a378b8b6cd7f57aebffab812b7b5485b1441dd59a22a660260ef99e","/my-spot-details.js":"2b73afef8f95a9506cf77fb63e64b9501e06f6ce325be26f29037b4c42839401","/my-spot-details.html":"2c55aab414ba9633fb493b3a09db206051988b9182b66b664cdd1419155677d1","/login.js":"b7e020f512fe13becd52291fea2650cc0988c4c04e40cb428a9f9ab097667b8b","/login.html":"beceb2e1753caaa62afe17dcc71de48db6cf744fe56c44d246db6a1dd802c1ab","/load-components.js":"6899dbd10f65cac152ff1c79ee73206be10a96b6f6b1465530fadd9251fe8c1c","/live-test.html":"e0c35b8b2d4318f51284c40ce24bcd9fc39ee185d7b7437832eb6477565bcc60","/invite.js":"b3ff47846ca7d9623ae356c56051d5bb3670c6cf08373f3ac160459654bd154e","/invite.html":"be2c54db6832a9cd86281e961bc462ad4d33ffb2cac9001c10ee277a05d2b425","/index.html":"a28875f83dc6edc67a27ce35e9959a5c5ed7446a69a5d6a077cba1da894901ec","/header.html":"d47f3748b18b78ae7613fb46390872ee9fc4ba89421bacc92f884297cc248fcb","/forgot-password.js":"3e60f12cbeadc537d739eb9b13d887387452e55d9ac0cdd92efb53e1eefea250","/forgot-password.html":"d477c4b7123112942996cee1cc775a3036a9d86d0b012f2cd0686614663f7052","/firebase-init.js":"1b71c314b9a18d6250b379b346480f08fce453a54dbd3353b52ee56606ed3dc8","/edit-profile.js":"eb095bd94e69634ae30d74770c03535495429d1f0c43350609d30393d3d40b1d","/edit-profile.html":"1c87ede2f9d8a1b0083070343407d34355416e8fbcb70eb52e528c604a8a5410","/details.html":"372e8ea0b5849d4184a77b0cc766efffcb05219c04d7b8dffce699996a032735","/contact.html":"21f662a889ddd4e8c7fb7badf7a9fef3e7057294ae6847ab33849d90867c17cc","/confirm-spot.js":"1c9f94ce2cd95f9c320acfcef7f22786d46cced70307d9082c557ee3d61b899c","/confirm-spot.html":"9e85ac3dca786786b68a598cbb37dc980d7c15ac06d39a9f2d5a227663dcf1d9","/confirm-spot.css":"f93c25f60f6d2424f96c805b5e74996ee8b190cd237b661ae93222f3e46b29f1","/coming-soon-app.html":"2be7dcb405e96c593dcc84b779dcbd32cf4edef6815e452b5df3e4c6913bd4e0","/coming-soon-ai.html":"389364c980708cd535e7379f47bae0873d53f756e74316ebf7957d92ab8638f5","/checkout.html":"7258cd72bf4fdded0e006a933a08419555d02481428619e48b2dd25fd4291778","/checkout.css":"095d1cdbd699a37ecae7c27db897df894ff7b7d9469e85dbc7a8ecfe78462060","/change-password.js":"b369255f94253fc6956281cff509d8f0af8f35b3eb164e65faf6494469b6ddce","/change-password.html":"44fc5f827361b6c1104df4b04c8e0d09fad23067a3d60a1d7940b13d48d154ba","/auth.js":"018f84b9bef159503c6083af1895ee628742100b160f7e61a2e55bdf8c6bdc1a","/auth-action.js":"2b8d23981cc67b240e05c041cca5eca609158fbf0765c442e34b9ecbb3e7555f","/auth-action.html":"63dc31abdb0b00505745938e94286f22f1b065986b568fbf9550fad743815454","/attendant.js":"b4d5e06b3653466e05ea9775d2ffcb4fdc8a84f86e14551ae33e6615ef673bf5","/attendant.html":"88d22f54704078d77d45bf6e7221968aa44dc7eceadf51f8c315422b188197d4","/attendant.css":"50400fdff6dd95c15266d98244d42ec4c20a26fbd0284e28504eaac626a9d9a1","/app.js":"f3754f2149ecc37804ebbd4cd4b7d43650196f1a972d4cc34decc791bb9fc19b","/airport.js":"86cd526a6fce7a28ef28107946cccc5a8bb4bf794017b1d02c23770835c9bfb8","/airport.html":"65f5fe0ea2ec0e6e6dd3b3e6a65e76a6701d0cab6c59e2722d109402ccc4a869","/airport-details.js":"b6cfded191f266eaf7bea895630931a1e6c52e3ee3e871fc3a8081d94128a7fd","/airport-details.html":"44e0df1734ae018caa4c35dd8228f8859daf4f2dc0e714e8d48983a89797bcb6","/add-payment.js":"c651a109a983dd90b9031592d6733ec4d8667121993d1ae90f33315487cea3f6","/add-payment.html":"5453a55d54349fb1811a5c562379727ae6d4850d4a167c797bc921103485f5e0","/add-payment.css":"305411a8224544a6377955caf5e74c11c6c3f28b4ed1b2c2e5790254467d9760","/active-session.js":"fd7039ec3111b7e74527fe15cf5268c0ee9acaebee3292a7716eb3d4e24dd178","/active-session.html":"004f7eadd53bae065ea630f5941645d9b5d21e2ba3ec70fab103664d0a532eb4","/active-session.css":"9aff19dfe635b872eb58238011d0ce158f1b2e97042b548c9fb4927e3255fb5c","/accSetup.html":"6c28c033b51b38d5f5955d0b053e741994ae9e850adffd89a35535ae67225ec3","/about.html":"ebd06a11aeb3c7733108945fe24181ee835f66e4351c82dca160e4de210f9d87","/404.html":"05cbc6f94d7a69ce2e29646eab13be2c884e61ba93e3094df5028866876d18b3","/assets/visual.png":"45cdb620cbc54ee043bf91bfdb079651a5ddfaa6f2d925958870f9ef21448fe0","/assets/venues.png":"2156abb71245a64ed4315c65fd37060aaf888cd99555311b90e06d581681a89b","/assets/user-location.png":"951d3ecba52d4dfc2dcd7ee52d353a5ddbe9042b0f012859843df8885363003a","/assets/texans logo.png":"7c565c6e94a91d1e54ad7a5137b16e2279c89fb8b7e82380407b85d2c6c30fa1","/assets/settings.png":"c99e1a79d5d50de05452ce83813bb626ac96d73282d6709864a6c1579a933847","/assets/reservations.png":"95ff8de6dc25171f5e274ada8f6973376a7558ff7f18a74f3c1683200623bcec","/assets/partner.png":"e41df92e7279c419c0cc92f8f8fe05e089041dd86c10977d064096efbe85618b","/assets/openspots.gif":"17be3de0792229a2cd3fa557abd2aec0f88242c22d8e4f5f6b9f0a459d43406c","/assets/navpartner.png":"b3c3ea23bb7be3307159b7b189aef43b274ae5fa9133fadd3237a07a82036b1a","/assets/mission.png":"f59fc7bd7d7c79596d384a138c5afa99d71840d40cd226d0b55d24ddd454f913","/assets/environment.png":"07d05ba2863faf57b7de6a9016e76bd11c7acd284bd9e9025e637e4c56a314a0","/assets/email-banner.jpg":"629ef1e4d459bae92cce466b06fdd13f2c1050f23cc24ee50128e7555a797e47","/assets/eco-impact.png":"f6f873b2bc60f73d58a3dd21022afe631fbb60bd9118093b868a75f52696207e","/assets/contact-graphic.png":"24965118d18391d996891138099dc82bfa9accbe664324abe5accb33a6fb00e7","/assets/comingsoon.png":"c96aead2d1a103cffffd599cabed8cd45c9c75693f301d71d5e45b5f1019bb62","/assets/badge youtube.png":"083c04826e86ee40cf142e64cabd837f8e8660277a376387ec66ecbc5afbebd3","/assets/badge tiktok.png":"e19fdf0b47a38475b5eff35d6739d277c2cdd6445b51cb9472227c9a2adbc61a","/assets/badge instagram.png":"f718309b49cff486c37b8e88a7ab24dd41b58b518c3d87fcf91c97f543a90a92","/assets/badge facebok.png":"a440fa2f3a6ea0b6025fbe933ab180da9f95ae9f51e7030f5f0a7435912530d8","/assets/badge email.png":"90bd1b0d8956a6ffcd17c1580aa77dab24fedc40004ca41c22794b3764aabb19","/assets/badge X.png":"2f2e1f0115250cde2b4c999974098e47366a7c35e4b47510506bed3a85c871b0","/assets/appstore-comingsoon.png":"54427bf7b6b580cb1179e8240f35fa82bdb3eec6d44a0cc3920531cbcc21b456","/assets/app3.png":"a295aae7356b6c6dc105edc2a949aae2b02275c975e1f5e669202c1c065f99d2","/assets/app2.png":"88c2d62ef40d3333de780462f3b3ce483e6ec7d601a26de75aa660f06034046b","/assets/app1.png":"e69219013432abddef5197f03f376e2650f30450d618966ba95ad69756f5b004","/assets/app vector.png":"b444dcfa4c44e53a66c2304f95a2e8b7a5d8bc5148a9d2327d6791cc1dcc6e94","/assets/airport logo.png":"c1e821d54054807bce0c0e99b6e9333541d23c6fd0b31aec2346903e69cc5914","/assets/airplane logo.png":"e253a2b78ba61a16b46a9c69a2e804ce7ea45bf2c01aff490df012371197d62b","/assets/ai-future.png":"3a97c1c7bd1665fbade73c140fde7994f1cce19ee719faddc633f186b1cd04f1","/assets/a.i coming.png":"b46e484edc84827abe391d935fc49394b097f39c34dbca4e6c10bc85ba65846a","/assets/Safety.png":"b7b694b3e393435a23e664c770e84a0bed12545a57086154f8b429e03ff2d05f","/assets/SPLASH.gif":"8254bbe66a0bc9716c89f704d27ad296ef3434f769d7378eba942de2f10fe1e1","/assets/SHELL_Stadium_Logo.png":"835baee75db43d9c50682094cdb9146fe7c6c698b2e2a6fd6b98485f5537dd2f","/assets/RED MARKER ICON.png":"f236578627069700243d9c10473e4dbef1999700d62cbb31f023f09c5d0d5038","/assets/Parking Sensor.png":"e115d79761a89468febd8f95caa8eac633efd04524331961b909705320676c2c","/assets/OpenSpot Parking.jpg":"d0118259443b38473df3ae7d09acf6aec13a6183902fd7a9470173e5a171ca81","/assets/NRG_Stadium_Logo.png":"b4db0a115ade743c2fe522e334ebb09e6919e37f784becbcdf9ba37827c53c33","/assets/Facebook Profile Picture.png":"df63bd5bf4962953d0c1042e566855b607665fb8e241a0914d5984c1fb1e5500","/assets/Daikin_Stadium_Logo.png":"712163bc79ed0b83b264f12e2ed6db6594dcff3c7199a548020d0e2164b9074a","/assets/DY DASH LOGO.png":"6bb93aeabfb496451ccba256a60e90bd207aa759f70c34e6af3d4d845e5cfe97","/assets/ClosedSpot Parking.jpg":"b19303d36fe62b84c22f9f07bce1f2d662a17ea3ee877894002615b12d97f17f","/assets/ASTROS LOGO.png":"6abd43a94d17b0ad0e4335d1816278ef12f315aaaa7fcb96de73340164eb10f8","/assets/social/badge youtube.png":"083c04826e86ee40cf142e64cabd837f8e8660277a376387ec66ecbc5afbebd3","/assets/social/badge tiktok.png":"e19fdf0b47a38475b5eff35d6739d277c2cdd6445b51cb9472227c9a2adbc61a","/assets/social/badge instagram.png":"f718309b49cff486c37b8e88a7ab24dd41b58b518c3d87fcf91c97f543a90a92","/assets/social/badge facebok.png":"a440fa2f3a6ea0b6025fbe933ab180da9f95ae9f51e7030f5f0a7435912530d8","/assets/social/badge email.png":"90bd1b0d8956a6ffcd17c1580aa77dab24fedc40004ca41c22794b3764aabb19","/assets/social/badge X.png":"2f2e1f0115250cde2b4c999974098e47366a7c35e4b47510506bed3a85c871b0"}}
[debug] [2026-02-08T03:40:18.001Z] <<< [apiv2][status] POST https://firebasehosting.googleapis.com/v1beta1/projects/298540480317/sites/open-spots-yt903b/versions/28efa7ffd0082aa4:populateFiles 200
[debug] [2026-02-08T03:40:18.001Z] <<< [apiv2][body] POST https://firebasehosting.googleapis.com/v1beta1/projects/298540480317/sites/open-spots-yt903b/versions/28efa7ffd0082aa4:populateFiles {"uploadUrl":"https://upload-firebasehosting.googleapis.com/upload/sites/open-spots-yt903b/versions/28efa7ffd0082aa4/files"}
[debug] [2026-02-08T03:40:18.001Z] [hosting][populate queue][FINAL] {"max":670,"min":670,"avg":670,"active":0,"complete":1,"success":1,"errored":0,"retried":0,"total":1,"elapsed":671}
[debug] [2026-02-08T03:40:18.001Z] [hosting] uploads queued: 0
[debug] [2026-02-08T03:40:18.002Z] [hosting][upload queue][FINAL] {"max":0,"min":9999999999,"avg":0,"active":0,"complete":0,"success":0,"errored":0,"retried":0,"total":0,"elapsed":1770522018002}
[info] i  hosting: upload complete 
[info] ✔  hosting[open-spots-yt903b]: file upload complete 
[debug] [2026-02-08T03:40:18.002Z] [hosting] deploy completed after 700ms
[debug] [2026-02-08T03:40:18.003Z] [
  {
    "config": {
      "public": "public",
      "ignore": [
        "firebase.json",
        "**/.*",
        "**/node_modules/**"
      ],
      "site": "open-spots-yt903b"
    },
    "version": "projects/298540480317/sites/open-spots-yt903b/versions/28efa7ffd0082aa4"
  }
]
[info] i  hosting[open-spots-yt903b]: finalizing version... 
[debug] [2026-02-08T03:40:18.004Z] Checked if tokens are valid: true, expires at: 1770524814182
[debug] [2026-02-08T03:40:18.004Z] Checked if tokens are valid: true, expires at: 1770524814182
[debug] [2026-02-08T03:40:18.004Z] >>> [apiv2][query] PATCH https://firebasehosting.googleapis.com/v1beta1/projects/-/sites/open-spots-yt903b/versions/28efa7ffd0082aa4 updateMask=status%2Cconfig
[debug] [2026-02-08T03:40:18.005Z] >>> [apiv2][body] PATCH https://firebasehosting.googleapis.com/v1beta1/projects/-/sites/open-spots-yt903b/versions/28efa7ffd0082aa4 {"status":"FINALIZED","config":{}}
[debug] [2026-02-08T03:40:18.596Z] <<< [apiv2][status] PATCH https://firebasehosting.googleapis.com/v1beta1/projects/-/sites/open-spots-yt903b/versions/28efa7ffd0082aa4 200
[debug] [2026-02-08T03:40:18.596Z] <<< [apiv2][body] PATCH https://firebasehosting.googleapis.com/v1beta1/projects/-/sites/open-spots-yt903b/versions/28efa7ffd0082aa4 {"name":"projects/298540480317/sites/open-spots-yt903b/versions/28efa7ffd0082aa4","status":"FINALIZED","config":{},"labels":{"deployment-tool":"cli-firebase"},"createTime":"2026-02-08T03:40:16.829766Z","createUser":{"email":"openspotsapp@gmail.com"},"finalizeTime":"2026-02-08T03:40:18.544817Z","finalizeUser":{"email":"openspotsapp@gmail.com"}}
[debug] [2026-02-08T03:40:18.596Z] [hosting] finalized version for open-spots-yt903b:[object Object]
[info] ✔  hosting[open-spots-yt903b]: version finalized 
[info] i  hosting[open-spots-yt903b]: releasing new version... 
[debug] [2026-02-08T03:40:18.597Z] Checked if tokens are valid: true, expires at: 1770524814182
[debug] [2026-02-08T03:40:18.597Z] Checked if tokens are valid: true, expires at: 1770524814182
[debug] [2026-02-08T03:40:18.597Z] >>> [apiv2][query] POST https://firebasehosting.googleapis.com/v1beta1/projects/-/sites/open-spots-yt903b/channels/live/releases versionName=projects%2F298540480317%2Fsites%2Fopen-spots-yt903b%2Fversions%2F28efa7ffd0082aa4
[debug] [2026-02-08T03:40:18.597Z] >>> [apiv2][body] POST https://firebasehosting.googleapis.com/v1beta1/projects/-/sites/open-spots-yt903b/channels/live/releases {}
[debug] [2026-02-08T03:40:18.974Z] <<< [apiv2][status] POST https://firebasehosting.googleapis.com/v1beta1/projects/-/sites/open-spots-yt903b/channels/live/releases 200
[debug] [2026-02-08T03:40:18.974Z] <<< [apiv2][body] POST https://firebasehosting.googleapis.com/v1beta1/projects/-/sites/open-spots-yt903b/channels/live/releases {"name":"projects/298540480317/sites/open-spots-yt903b/channels/live/releases/1770522018337000","version":{"name":"projects/298540480317/sites/open-spots-yt903b/versions/28efa7ffd0082aa4","status":"FINALIZED","config":{},"labels":{"deployment-tool":"cli-firebase"},"createTime":"2026-02-08T03:40:16.829766Z","createUser":{"email":"openspotsapp@gmail.com","imageUrl":"https://lh3.googleusercontent.com/a/ACg8ocKySC2PZIviAk3eJXXxPlLkZAAKsrSHujH7UKaEtMfvsrvGvw=mo"},"finalizeTime":"2026-02-08T03:40:18.544817Z","finalizeUser":{"email":"openspotsapp@gmail.com","imageUrl":"https://lh3.googleusercontent.com/a/ACg8ocKySC2PZIviAk3eJXXxPlLkZAAKsrSHujH7UKaEtMfvsrvGvw=mo"}},"type":"DEPLOY","releaseTime":"2026-02-08T03:40:18.337Z","releaseUser":{"email":"openspotsapp@gmail.com","imageUrl":"https://lh3.googleusercontent.com/a/ACg8ocKySC2PZIviAk3eJXXxPlLkZAAKsrSHujH7UKaEtMfvsrvGvw=mo"}}
[debug] [2026-02-08T03:40:18.975Z] [hosting] release: {"name":"projects/298540480317/sites/open-spots-yt903b/channels/live/releases/1770522018337000","version":{"name":"projects/298540480317/sites/open-spots-yt903b/versions/28efa7ffd0082aa4","status":"FINALIZED","config":{},"labels":{"deployment-tool":"cli-firebase"},"createTime":"2026-02-08T03:40:16.829766Z","createUser":{"email":"openspotsapp@gmail.com","imageUrl":"https://lh3.googleusercontent.com/a/ACg8ocKySC2PZIviAk3eJXXxPlLkZAAKsrSHujH7UKaEtMfvsrvGvw=mo"},"finalizeTime":"2026-02-08T03:40:18.544817Z","finalizeUser":{"email":"openspotsapp@gmail.com","imageUrl":"https://lh3.googleusercontent.com/a/ACg8ocKySC2PZIviAk3eJXXxPlLkZAAKsrSHujH7UKaEtMfvsrvGvw=mo"}},"type":"DEPLOY","releaseTime":"2026-02-08T03:40:18.337Z","releaseUser":{"email":"openspotsapp@gmail.com","imageUrl":"https://lh3.googleusercontent.com/a/ACg8ocKySC2PZIviAk3eJXXxPlLkZAAKsrSHujH7UKaEtMfvsrvGvw=mo"}}
[info] ✔  hosting[open-spots-yt903b]: release complete 
[info] 
[info] ✔  Deploy complete! 
[info] 
[info] Project Console: https://console.firebase.google.com/project/open-spots-yt903b/overview
[info] Hosting URL: https://open-spots-yt903b.web.app
